number,value,datetime_start,datetime_complete,duration,params_colsample,params_depth,params_leaves,params_lr,params_min_child,params_n,params_reg_alpha,params_reg_lambda,params_subsample,system_attrs_completed_rung_0,state
92,0.779601588388452,2026-04-17 11:13:55.822556,2026-04-17 11:14:05.587690,0 days 00:00:09.765134,0.8023051534833412,9,28,0.0160523712650992,15,350,2.523787242249903e-08,1.6769746695380625e-06,0.6195952785704423,0.779601588388452,COMPLETE
93,0.7776813796116503,2026-04-17 11:14:05.588653,2026-04-17 11:14:17.141207,0 days 00:00:11.552554,0.8428959900522449,9,75,0.008252139044504324,21,236,0.0012194019411754815,0.016463072145743256,0.8045153643192884,0.7776813796116503,PRUNED
94,0.7793733706421351,2026-04-17 11:14:17.142160,2026-04-17 11:14:21.607247,0 days 00:00:04.465087,0.7461736042489674,10,69,0.01132328864312215,15,216,0.13333210704118045,0.012471357364470251,0.6670701863449117,0.7793733706421351,COMPLETE
95,0.7693490284357847,2026-04-17 11:14:21.608410,2026-04-17 11:14:25.799978,0 days 00:00:04.191568,0.9630674506095802,7,47,0.0014131596796817787,98,324,2.7815338613443394,4.651395160077762,0.8399686542821497,0.7693490284357847,PRUNED
96,0.7795967247485198,2026-04-17 11:14:25.801232,2026-04-17 11:14:39.828964,0 days 00:00:14.027732,0.914409876835612,10,147,0.018480762451466293,13,279,0.0011109476634451095,0.057166285883688175,0.7442355321795653,,COMPLETE
97,0.7787005439454104,2026-04-17 11:14:39.829970,2026-04-17 11:14:45.648259,0 days 00:00:05.818289,0.8104888054951626,8,107,0.08270055730650688,10,119,3.6716580183074323,0.0004794663279499615,0.6242101422486875,0.7787005439454104,COMPLETE
98,0.780300559044127,2026-04-17 11:14:45.649353,2026-04-17 11:14:51.992404,0 days 00:00:06.343051,0.7759703930677799,8,50,0.01617065887317316,12,197,1.7805076224546863e-05,0.006177290997856414,0.6696617673646844,0.780300559044127,COMPLETE
99,0.7778342425710816,2026-04-17 11:14:51.993442,2026-04-17 11:14:58.584742,0 days 00:00:06.591300,0.8963742461171287,9,105,0.01687564911508687,12,106,0.1185710828836961,4.0554177865995474e-08,0.8402173315569937,,COMPLETE
