number,value,datetime_start,datetime_complete,duration,params_colsample,params_depth,params_leaves,params_lr,params_min_child,params_n,params_reg_alpha,params_reg_lambda,params_subsample,system_attrs_completed_rung_0,state
92,0.779601588388452,2026-04-17 11:39:45.964524,2026-04-17 11:39:54.729189,0 days 00:00:08.764665,0.8023051534833412,9,28,0.0160523712650992,15,350,2.523787242249903e-08,1.6769746695380625e-06,0.6195952785704423,0.779601588388452,COMPLETE
93,0.7776813796116503,2026-04-17 11:39:54.730474,2026-04-17 11:40:06.898203,0 days 00:00:12.167729,0.8428959900522449,9,75,0.008252139044504324,21,236,0.0012194019411754815,0.016463072145743256,0.8045153643192884,0.7776813796116503,PRUNED
94,0.7793733706421351,2026-04-17 11:40:06.899486,2026-04-17 11:40:15.874291,0 days 00:00:08.974805,0.7461736042489674,10,69,0.01132328864312215,15,216,0.13333210704118045,0.012471357364470251,0.6670701863449117,,COMPLETE
95,0.7693490284357847,2026-04-17 11:40:15.875341,2026-04-17 11:40:24.888903,0 days 00:00:09.013562,0.9630674506095802,7,47,0.0014131596796817787,98,324,2.7815338613443394,4.651395160077762,0.8399686542821497,,COMPLETE
96,0.7795967247485198,2026-04-17 11:40:24.890335,2026-04-17 11:40:38.758090,0 days 00:00:13.867755,0.914409876835612,10,147,0.018480762451466293,13,279,0.0011109476634451095,0.057166285883688175,0.7442355321795653,,COMPLETE
97,0.7787005439454104,2026-04-17 11:40:38.759276,2026-04-17 11:40:41.116502,0 days 00:00:02.357226,0.8104888054951626,8,107,0.08270055730650688,10,119,3.6716580183074323,0.0004794663279499615,0.6242101422486875,0.7787005439454104,PRUNED
98,0.780300559044127,2026-04-17 11:40:41.117427,2026-04-17 11:40:53.196243,0 days 00:00:12.078816,0.7759703930677799,8,50,0.01617065887317316,12,197,1.7805076224546863e-05,0.006177290997856414,0.6696617673646844,,COMPLETE
99,0.7778342425710816,2026-04-17 11:40:53.197554,2026-04-17 11:40:57.455290,0 days 00:00:04.257736,0.8963742461171287,9,105,0.01687564911508687,12,106,0.1185710828836961,4.0554177865995474e-08,0.8402173315569937,0.7778342425710816,PRUNED
