number,values_0,values_1,values_2,datetime_start,datetime_complete,duration,params_colsample,params_depth,params_leaves,params_lr,params_min_child,params_n,params_reg_alpha,params_reg_lambda,params_subsample,system_attrs_NSGAIISampler:generation,state
82,0.7680839547722428,0.8020434490363947,0.502961769493764,2026-04-17 12:50:55.582475,2026-04-17 12:51:00.691385,0 days 00:00:05.108910,0.8809936335948436,4,134,0.14270774024443011,77,359,1.7195719847367482e-05,4.388606059101698e-06,0.8788062963981071,1,COMPLETE
83,0.7735410588439765,0.8055868750596998,0.4648455310450097,2026-04-17 12:51:00.692143,2026-04-17 12:51:08.047597,0 days 00:00:07.355454,0.6508242050607539,5,24,0.14028710807204534,84,115,2.434087969048871e-05,0.08510243330316114,0.7440762565645052,1,COMPLETE
84,0.779086885195284,0.8007371907677129,0.5570914593733007,2026-04-17 12:51:08.049817,2026-04-17 12:51:16.854335,0 days 00:00:08.804518,0.9801645936306235,10,134,0.053915976081982384,18,359,1.7195719847367482e-05,0.0007652471350809116,0.8313120563984696,1,COMPLETE
85,0.7767004061210305,0.8063376032255951,0.44912924669598975,2026-04-17 12:51:16.855036,2026-04-17 12:51:27.360075,0 days 00:00:10.505039,0.637469907131237,8,131,0.005106219018733596,69,425,2.0391173859019014e-05,2.4368079851853013e-06,0.8273234413341887,1,COMPLETE
86,0.7772458385990492,0.8073533115791747,0.46131008198273216,2026-04-17 12:51:27.360807,2026-04-17 12:51:33.332721,0 days 00:00:05.971914,0.9166316174903394,6,125,0.02371021185795433,71,370,1.1256839212661599e-06,6.619953325728894e-08,0.7272013899887455,1,COMPLETE
87,0.7717232645792317,0.7917425441472392,0.44904412997733734,2026-04-17 12:51:33.333461,2026-04-17 12:51:41.716989,0 days 00:00:08.383528,0.9561055135563665,5,60,0.0023817878481417814,67,299,0.9658611176861268,0.0001778010520878397,0.6181216039088178,1,COMPLETE
88,0.7718401776406539,0.8037217036367863,0.5066803265342545,2026-04-17 12:51:41.719162,2026-04-17 12:51:47.043755,0 days 00:00:05.324593,0.710952473192453,6,138,0.08886694893516042,66,328,4.932765131967249e-07,3.4539110844500054e-06,0.9509888054108212,1,COMPLETE
89,0.7746115339896772,0.8029941533381549,0.4532323290249296,2026-04-17 12:51:47.045927,2026-04-17 12:51:56.400221,0 days 00:00:09.354294,0.9268888800804863,6,134,0.005523209354840282,33,246,0.0009926755025313784,6.619953325728894e-08,0.8639936184136716,1,COMPLETE
90,0.7748979465504854,0.806457869941939,0.44222826672123683,2026-04-17 12:51:56.402011,2026-04-17 12:52:00.845790,0 days 00:00:04.443779,0.689707723784224,3,91,0.020002529412259395,72,180,0.025681062756497588,0.28749982347407854,0.7301321323053057,1,COMPLETE
91,0.7732520240694635,0.8048259223392196,0.4842781515868022,2026-04-17 12:52:00.846491,2026-04-17 12:52:08.216880,0 days 00:00:07.370389,0.6143769095186968,10,126,0.053915976081982384,96,269,2.434087969048871e-05,0.0007652471350809116,0.8313120563984696,1,COMPLETE
92,0.7750859494828232,0.8066356114890729,0.44226580191522713,2026-04-17 12:52:08.217572,2026-04-17 12:52:14.307143,0 days 00:00:06.089571,0.6143769095186968,5,69,0.053915976081982384,95,184,0.0001550180120475692,0.0034281912357116743,0.8784119186699892,1,COMPLETE
93,0.7831687677138943,0.809716430400053,0.4670736853724854,2026-04-17 12:52:14.307865,2026-04-17 12:52:23.607290,0 days 00:00:09.299425,0.8912865394447438,10,108,0.011616996897195595,14,221,2.7678419414850017e-06,0.28749982347407854,0.6950550175969599,1,COMPLETE
94,0.7724393521492093,0.802965290030406,0.44936456072678654,2026-04-17 12:52:23.608614,2026-04-17 12:52:31.119926,0 days 00:00:07.511312,0.7396838298450643,3,137,0.0033596393259423033,67,549,0.03416654859330391,1.1857478328321251,0.7356119164194803,1,COMPLETE
95,0.7689190991673834,0.790227192680352,0.4405332905153544,2026-04-17 12:52:31.120713,2026-04-17 12:52:36.202433,0 days 00:00:05.081720,0.7396838298450643,3,137,0.0023817878481417814,67,332,0.03416654859330391,0.00033746312759494907,0.7356119164194803,1,COMPLETE
96,0.7793410789980498,0.8080026400133173,0.4625901609308075,2026-04-17 12:52:36.203190,2026-04-17 12:52:46.302988,0 days 00:00:10.099798,0.7554709158757928,6,118,0.020002529412259395,19,476,2.7678419414850017e-06,7.593577142680321e-06,0.7301321323053057,1,COMPLETE
97,0.7720823466896454,0.8032781208990192,0.4474523188494921,2026-04-17 12:52:46.303686,2026-04-17 12:52:51.599123,0 days 00:00:05.295437,0.6137554084460873,3,77,0.004601160263509295,21,442,1.527156759251193,2.133142332373004e-06,0.798070764044508,1,COMPLETE
98,0.7735410723146643,0.7831051614805093,0.46826155079628806,2026-04-17 12:52:51.601557,2026-04-17 12:53:02.093467,0 days 00:00:10.491910,0.7413408912104211,10,108,0.001028055665573648,80,454,1.1036250149900698e-07,0.001790214237193581,0.6296178606936361,1,COMPLETE
99,0.7752702470138301,0.8068316334387303,0.44727631941055823,2026-04-17 12:53:02.094171,2026-04-17 12:53:06.736812,0 days 00:00:04.642641,0.689707723784224,3,91,0.027786919322282833,72,180,0.0009926755025313784,1.365343060974712e-06,0.8639936184136716,1,COMPLETE
